CRITICAL - 2020-12-08 00:30:27 --> Invalid file: admin/accSurvey/form.php
#0 /var/www/html/modal_bergulir/vendor/codeigniter4/framework/system/View/View.php(228): CodeIgniter\Exceptions\FrameworkException::forInvalidFile('admin/accSurvey...')
#1 /var/www/html/modal_bergulir/vendor/codeigniter4/framework/system/Common.php(1119): CodeIgniter\View\View->render('admin/accSurvey...', Array, true)
#2 /var/www/html/modal_bergulir/app/Controllers/Admin/AccSurvey.php(115): view('admin/accSurvey...', Array)
#3 /var/www/html/modal_bergulir/vendor/codeigniter4/framework/system/CodeIgniter.php(918): App\Controllers\Admin\AccSurvey->form('24', '13')
#4 /var/www/html/modal_bergulir/vendor/codeigniter4/framework/system/CodeIgniter.php(404): CodeIgniter\CodeIgniter->runController(Object(App\Controllers\Admin\AccSurvey))
#5 /var/www/html/modal_bergulir/vendor/codeigniter4/framework/system/CodeIgniter.php(312): CodeIgniter\CodeIgniter->handleRequest(NULL, Object(Config\Cache), false)
#6 /var/www/html/modal_bergulir/public/index.php(45): CodeIgniter\CodeIgniter->run()
#7 {main}
CRITICAL - 2020-12-08 00:36:40 --> Invalid file: admin/accSurvey/form.php
#0 /var/www/html/modal_bergulir/vendor/codeigniter4/framework/system/View/View.php(228): CodeIgniter\Exceptions\FrameworkException::forInvalidFile('admin/accSurvey...')
#1 /var/www/html/modal_bergulir/vendor/codeigniter4/framework/system/Common.php(1119): CodeIgniter\View\View->render('admin/accSurvey...', Array, true)
#2 /var/www/html/modal_bergulir/app/Controllers/Admin/AccSurvey.php(115): view('admin/accSurvey...', Array)
#3 /var/www/html/modal_bergulir/vendor/codeigniter4/framework/system/CodeIgniter.php(918): App\Controllers\Admin\AccSurvey->form('24', '13')
#4 /var/www/html/modal_bergulir/vendor/codeigniter4/framework/system/CodeIgniter.php(404): CodeIgniter\CodeIgniter->runController(Object(App\Controllers\Admin\AccSurvey))
#5 /var/www/html/modal_bergulir/vendor/codeigniter4/framework/system/CodeIgniter.php(312): CodeIgniter\CodeIgniter->handleRequest(NULL, Object(Config\Cache), false)
#6 /var/www/html/modal_bergulir/public/index.php(45): CodeIgniter\CodeIgniter->run()
#7 {main}
CRITICAL - 2020-12-08 00:37:02 --> Invalid file: admin/accSurvey/form.php
#0 /var/www/html/modal_bergulir/vendor/codeigniter4/framework/system/View/View.php(228): CodeIgniter\Exceptions\FrameworkException::forInvalidFile('admin/accSurvey...')
#1 /var/www/html/modal_bergulir/vendor/codeigniter4/framework/system/Common.php(1119): CodeIgniter\View\View->render('admin/accSurvey...', Array, true)
#2 /var/www/html/modal_bergulir/app/Controllers/Admin/AccSurvey.php(115): view('admin/accSurvey...', Array)
#3 /var/www/html/modal_bergulir/vendor/codeigniter4/framework/system/CodeIgniter.php(918): App\Controllers\Admin\AccSurvey->form('24', '13')
#4 /var/www/html/modal_bergulir/vendor/codeigniter4/framework/system/CodeIgniter.php(404): CodeIgniter\CodeIgniter->runController(Object(App\Controllers\Admin\AccSurvey))
#5 /var/www/html/modal_bergulir/vendor/codeigniter4/framework/system/CodeIgniter.php(312): CodeIgniter\CodeIgniter->handleRequest(NULL, Object(Config\Cache), false)
#6 /var/www/html/modal_bergulir/public/index.php(45): CodeIgniter\CodeIgniter->run()
#7 {main}
CRITICAL - 2020-12-08 04:50:45 --> Undefined variable: peng_lock_is
#0 /var/www/html/modal_bergulir/app/Views/admin/pengajuan/stepper_form_jenis_3.php(59): CodeIgniter\Debug\Exceptions->errorHandler(8, 'Undefined varia...', '/var/www/html/m...', 59, Array)
#1 /var/www/html/modal_bergulir/vendor/codeigniter4/framework/system/View/View.php(246): include('/var/www/html/m...')
#2 /var/www/html/modal_bergulir/vendor/codeigniter4/framework/system/Common.php(1119): CodeIgniter\View\View->render('admin/pengajuan...', Array, true)
#3 /var/www/html/modal_bergulir/app/Controllers/Admin/Pengajuan.php(156): view('admin/pengajuan...', Array)
#4 /var/www/html/modal_bergulir/app/Controllers/Admin/Pengajuan.php(123): App\Controllers\Admin\Pengajuan->stepper_form('0')
#5 /var/www/html/modal_bergulir/vendor/codeigniter4/framework/system/CodeIgniter.php(918): App\Controllers\Admin\Pengajuan->detail('0')
#6 /var/www/html/modal_bergulir/vendor/codeigniter4/framework/system/CodeIgniter.php(404): CodeIgniter\CodeIgniter->runController(Object(App\Controllers\Admin\Pengajuan))
#7 /var/www/html/modal_bergulir/vendor/codeigniter4/framework/system/CodeIgniter.php(312): CodeIgniter\CodeIgniter->handleRequest(NULL, Object(Config\Cache), false)
#8 /var/www/html/modal_bergulir/public/index.php(45): CodeIgniter\CodeIgniter->run()
#9 {main}
CRITICAL - 2020-12-08 04:50:54 --> Undefined variable: peng_lock_is
#0 /var/www/html/modal_bergulir/app/Views/admin/pengajuan/stepper_form_jenis_3.php(59): CodeIgniter\Debug\Exceptions->errorHandler(8, 'Undefined varia...', '/var/www/html/m...', 59, Array)
#1 /var/www/html/modal_bergulir/vendor/codeigniter4/framework/system/View/View.php(246): include('/var/www/html/m...')
#2 /var/www/html/modal_bergulir/vendor/codeigniter4/framework/system/Common.php(1119): CodeIgniter\View\View->render('admin/pengajuan...', Array, true)
#3 /var/www/html/modal_bergulir/app/Controllers/Admin/Pengajuan.php(156): view('admin/pengajuan...', Array)
#4 /var/www/html/modal_bergulir/app/Controllers/Admin/Pengajuan.php(123): App\Controllers\Admin\Pengajuan->stepper_form('0')
#5 /var/www/html/modal_bergulir/vendor/codeigniter4/framework/system/CodeIgniter.php(918): App\Controllers\Admin\Pengajuan->detail('0')
#6 /var/www/html/modal_bergulir/vendor/codeigniter4/framework/system/CodeIgniter.php(404): CodeIgniter\CodeIgniter->runController(Object(App\Controllers\Admin\Pengajuan))
#7 /var/www/html/modal_bergulir/vendor/codeigniter4/framework/system/CodeIgniter.php(312): CodeIgniter\CodeIgniter->handleRequest(NULL, Object(Config\Cache), false)
#8 /var/www/html/modal_bergulir/public/index.php(45): CodeIgniter\CodeIgniter->run()
#9 {main}
CRITICAL - 2020-12-08 06:04:17 --> pg_query(): Query failed: ERROR:  invalid input syntax for integer: &quot;Mojoroto&quot;
LINE 1: ...elurahan&quot; = 'Budi Kariadi', &quot;peng_sk_kecamatan&quot; = 'Mojoroto'...
                                                             ^
#0 [internal function]: CodeIgniter\Debug\Exceptions->errorHandler(2, 'pg_query(): Que...', '/var/www/html/m...', 196, Array)
#1 /var/www/html/modal_bergulir/vendor/codeigniter4/framework/system/Database/Postgre/Connection.php(196): pg_query(Resource id #13, 'UPDATE "pengaju...')
#2 /var/www/html/modal_bergulir/vendor/codeigniter4/framework/system/Database/BaseConnection.php(741): CodeIgniter\Database\Postgre\Connection->execute('UPDATE "pengaju...')
#3 /var/www/html/modal_bergulir/vendor/codeigniter4/framework/system/Database/BaseConnection.php(669): CodeIgniter\Database\BaseConnection->simpleQuery('UPDATE "pengaju...')
#4 /var/www/html/modal_bergulir/vendor/codeigniter4/framework/system/Database/BaseBuilder.php(2456): CodeIgniter\Database\BaseConnection->query('UPDATE "pengaju...', Array, false)
#5 /var/www/html/modal_bergulir/app/Controllers/Admin/Pengajuan.php(1272): CodeIgniter\Database\BaseBuilder->update(Array)
#6 /var/www/html/modal_bergulir/app/Controllers/Admin/Pengajuan.php(1234): App\Controllers\Admin\Pengajuan->formStep4Jenis2('19')
#7 /var/www/html/modal_bergulir/app/Controllers/Admin/Pengajuan.php(145): App\Controllers\Admin\Pengajuan->formStep4('19')
#8 /var/www/html/modal_bergulir/app/Controllers/Admin/Pengajuan.php(123): App\Controllers\Admin\Pengajuan->stepper_form('19')
#9 /var/www/html/modal_bergulir/vendor/codeigniter4/framework/system/CodeIgniter.php(918): App\Controllers\Admin\Pengajuan->detail('19')
#10 /var/www/html/modal_bergulir/vendor/codeigniter4/framework/system/CodeIgniter.php(404): CodeIgniter\CodeIgniter->runController(Object(App\Controllers\Admin\Pengajuan))
#11 /var/www/html/modal_bergulir/vendor/codeigniter4/framework/system/CodeIgniter.php(312): CodeIgniter\CodeIgniter->handleRequest(NULL, Object(Config\Cache), false)
#12 /var/www/html/modal_bergulir/public/index.php(45): CodeIgniter\CodeIgniter->run()
#13 {main}
CRITICAL - 2020-12-08 06:06:16 --> pg_query(): Query failed: ERROR:  invalid input syntax for integer: &quot;Mojoroto&quot;
LINE 1: ...elurahan&quot; = 'Budi Kariadi', &quot;peng_sk_kecamatan&quot; = 'Mojoroto'...
                                                             ^
#0 [internal function]: CodeIgniter\Debug\Exceptions->errorHandler(2, 'pg_query(): Que...', '/var/www/html/m...', 196, Array)
#1 /var/www/html/modal_bergulir/vendor/codeigniter4/framework/system/Database/Postgre/Connection.php(196): pg_query(Resource id #12, 'UPDATE "pengaju...')
#2 /var/www/html/modal_bergulir/vendor/codeigniter4/framework/system/Database/BaseConnection.php(741): CodeIgniter\Database\Postgre\Connection->execute('UPDATE "pengaju...')
#3 /var/www/html/modal_bergulir/vendor/codeigniter4/framework/system/Database/BaseConnection.php(669): CodeIgniter\Database\BaseConnection->simpleQuery('UPDATE "pengaju...')
#4 /var/www/html/modal_bergulir/vendor/codeigniter4/framework/system/Database/BaseBuilder.php(2456): CodeIgniter\Database\BaseConnection->query('UPDATE "pengaju...', Array, false)
#5 /var/www/html/modal_bergulir/app/Controllers/Admin/Pengajuan.php(1272): CodeIgniter\Database\BaseBuilder->update(Array)
#6 /var/www/html/modal_bergulir/app/Controllers/Admin/Pengajuan.php(1234): App\Controllers\Admin\Pengajuan->formStep4Jenis2('19')
#7 /var/www/html/modal_bergulir/app/Controllers/Admin/Pengajuan.php(145): App\Controllers\Admin\Pengajuan->formStep4('19')
#8 /var/www/html/modal_bergulir/app/Controllers/Admin/Pengajuan.php(123): App\Controllers\Admin\Pengajuan->stepper_form('19')
#9 /var/www/html/modal_bergulir/vendor/codeigniter4/framework/system/CodeIgniter.php(918): App\Controllers\Admin\Pengajuan->detail('19')
#10 /var/www/html/modal_bergulir/vendor/codeigniter4/framework/system/CodeIgniter.php(404): CodeIgniter\CodeIgniter->runController(Object(App\Controllers\Admin\Pengajuan))
#11 /var/www/html/modal_bergulir/vendor/codeigniter4/framework/system/CodeIgniter.php(312): CodeIgniter\CodeIgniter->handleRequest(NULL, Object(Config\Cache), false)
#12 /var/www/html/modal_bergulir/public/index.php(45): CodeIgniter\CodeIgniter->run()
#13 {main}
CRITICAL - 2020-12-08 06:08:22 --> pg_query(): Query failed: ERROR:  invalid input syntax for integer: &quot;Mojoroto&quot;
LINE 1: ...elurahan&quot; = 'Budi Kariadi', &quot;peng_sk_kecamatan&quot; = 'Mojoroto'...
                                                             ^
#0 [internal function]: CodeIgniter\Debug\Exceptions->errorHandler(2, 'pg_query(): Que...', '/var/www/html/m...', 196, Array)
#1 /var/www/html/modal_bergulir/vendor/codeigniter4/framework/system/Database/Postgre/Connection.php(196): pg_query(Resource id #12, 'UPDATE "pengaju...')
#2 /var/www/html/modal_bergulir/vendor/codeigniter4/framework/system/Database/BaseConnection.php(741): CodeIgniter\Database\Postgre\Connection->execute('UPDATE "pengaju...')
#3 /var/www/html/modal_bergulir/vendor/codeigniter4/framework/system/Database/BaseConnection.php(669): CodeIgniter\Database\BaseConnection->simpleQuery('UPDATE "pengaju...')
#4 /var/www/html/modal_bergulir/vendor/codeigniter4/framework/system/Database/BaseBuilder.php(2456): CodeIgniter\Database\BaseConnection->query('UPDATE "pengaju...', Array, false)
#5 /var/www/html/modal_bergulir/app/Controllers/Admin/Pengajuan.php(1272): CodeIgniter\Database\BaseBuilder->update(Array)
#6 /var/www/html/modal_bergulir/app/Controllers/Admin/Pengajuan.php(1234): App\Controllers\Admin\Pengajuan->formStep4Jenis2('19')
#7 /var/www/html/modal_bergulir/app/Controllers/Admin/Pengajuan.php(145): App\Controllers\Admin\Pengajuan->formStep4('19')
#8 /var/www/html/modal_bergulir/app/Controllers/Admin/Pengajuan.php(123): App\Controllers\Admin\Pengajuan->stepper_form('19')
#9 /var/www/html/modal_bergulir/vendor/codeigniter4/framework/system/CodeIgniter.php(918): App\Controllers\Admin\Pengajuan->detail('19')
#10 /var/www/html/modal_bergulir/vendor/codeigniter4/framework/system/CodeIgniter.php(404): CodeIgniter\CodeIgniter->runController(Object(App\Controllers\Admin\Pengajuan))
#11 /var/www/html/modal_bergulir/vendor/codeigniter4/framework/system/CodeIgniter.php(312): CodeIgniter\CodeIgniter->handleRequest(NULL, Object(Config\Cache), false)
#12 /var/www/html/modal_bergulir/public/index.php(45): CodeIgniter\CodeIgniter->run()
#13 {main}
CRITICAL - 2020-12-08 06:10:10 --> pg_query(): Query failed: ERROR:  invalid input syntax for integer: &quot;Mojoroto&quot;
LINE 1: ...elurahan&quot; = 'Budi Kariadi', &quot;peng_sk_kecamatan&quot; = 'Mojoroto'...
                                                             ^
#0 [internal function]: CodeIgniter\Debug\Exceptions->errorHandler(2, 'pg_query(): Que...', '/var/www/html/m...', 196, Array)
#1 /var/www/html/modal_bergulir/vendor/codeigniter4/framework/system/Database/Postgre/Connection.php(196): pg_query(Resource id #13, 'UPDATE "pengaju...')
#2 /var/www/html/modal_bergulir/vendor/codeigniter4/framework/system/Database/BaseConnection.php(741): CodeIgniter\Database\Postgre\Connection->execute('UPDATE "pengaju...')
#3 /var/www/html/modal_bergulir/vendor/codeigniter4/framework/system/Database/BaseConnection.php(669): CodeIgniter\Database\BaseConnection->simpleQuery('UPDATE "pengaju...')
#4 /var/www/html/modal_bergulir/vendor/codeigniter4/framework/system/Database/BaseBuilder.php(2456): CodeIgniter\Database\BaseConnection->query('UPDATE "pengaju...', Array, false)
#5 /var/www/html/modal_bergulir/app/Controllers/Admin/Pengajuan.php(1272): CodeIgniter\Database\BaseBuilder->update(Array)
#6 /var/www/html/modal_bergulir/app/Controllers/Admin/Pengajuan.php(1234): App\Controllers\Admin\Pengajuan->formStep4Jenis2('19')
#7 /var/www/html/modal_bergulir/app/Controllers/Admin/Pengajuan.php(145): App\Controllers\Admin\Pengajuan->formStep4('19')
#8 /var/www/html/modal_bergulir/app/Controllers/Admin/Pengajuan.php(123): App\Controllers\Admin\Pengajuan->stepper_form('19')
#9 /var/www/html/modal_bergulir/vendor/codeigniter4/framework/system/CodeIgniter.php(918): App\Controllers\Admin\Pengajuan->detail('19')
#10 /var/www/html/modal_bergulir/vendor/codeigniter4/framework/system/CodeIgniter.php(404): CodeIgniter\CodeIgniter->runController(Object(App\Controllers\Admin\Pengajuan))
#11 /var/www/html/modal_bergulir/vendor/codeigniter4/framework/system/CodeIgniter.php(312): CodeIgniter\CodeIgniter->handleRequest(NULL, Object(Config\Cache), false)
#12 /var/www/html/modal_bergulir/public/index.php(45): CodeIgniter\CodeIgniter->run()
#13 {main}
CRITICAL - 2020-12-08 09:32:33 --> Undefined variable: totalTime
#0 /var/www/html/modal_bergulir/vendor/codeigniter4/framework/system/Debug/Toolbar/Views/toolbar.tpl.php(56): CodeIgniter\Debug\Exceptions->errorHandler(8, 'Undefined varia...', '/var/www/html/m...', 56, Array)
#1 /var/www/html/modal_bergulir/vendor/codeigniter4/framework/system/Debug/Toolbar.php(498): include('/var/www/html/m...')
#2 /var/www/html/modal_bergulir/vendor/codeigniter4/framework/system/Debug/Toolbar.php(455): CodeIgniter\Debug\Toolbar->format(Array, 'html')
#3 /var/www/html/modal_bergulir/app/Config/Events.php(50): CodeIgniter\Debug\Toolbar->respond()
#4 [internal function]: CodeIgniter\Events\Events::Config\{closure}()
#5 /var/www/html/modal_bergulir/vendor/codeigniter4/framework/system/Events/Events.php(188): call_user_func(Object(Closure))
#6 /var/www/html/modal_bergulir/vendor/codeigniter4/framework/system/CodeIgniter.php(293): CodeIgniter\Events\Events::trigger('pre_system')
#7 /var/www/html/modal_bergulir/public/index.php(45): CodeIgniter\CodeIgniter->run()
#8 {main}
CRITICAL - 2020-12-08 09:32:33 --> Undefined variable: totalTime
#0 /var/www/html/modal_bergulir/vendor/codeigniter4/framework/system/Debug/Toolbar/Views/toolbar.tpl.php(56): CodeIgniter\Debug\Exceptions->errorHandler(8, 'Undefined varia...', '/var/www/html/m...', 56, Array)
#1 /var/www/html/modal_bergulir/vendor/codeigniter4/framework/system/Debug/Toolbar.php(498): include('/var/www/html/m...')
#2 /var/www/html/modal_bergulir/vendor/codeigniter4/framework/system/Debug/Toolbar.php(455): CodeIgniter\Debug\Toolbar->format(Array, 'html')
#3 /var/www/html/modal_bergulir/app/Config/Events.php(50): CodeIgniter\Debug\Toolbar->respond()
#4 [internal function]: CodeIgniter\Events\Events::Config\{closure}()
#5 /var/www/html/modal_bergulir/vendor/codeigniter4/framework/system/Events/Events.php(188): call_user_func(Object(Closure))
#6 /var/www/html/modal_bergulir/vendor/codeigniter4/framework/system/CodeIgniter.php(293): CodeIgniter\Events\Events::trigger('pre_system')
#7 /var/www/html/modal_bergulir/public/index.php(45): CodeIgniter\CodeIgniter->run()
#8 {main}
